<?xml version="1.0" encoding="UTF-8"?>
<!-- Generated by org.testng.reporters.JUnitXMLReporter -->
<testsuite ignored="0" hostname="Bindu" failures="1" tests="3" name="Test" time="52.097" errors="0" timestamp="2024-07-16T14:40:32 IST">
  <testcase classname="electronic.TC_DTS_003_Test" name="clickElectronic" time="1.233">
    <failure type="java.lang.AssertionError" message="computer is not displayed expected [Demo Web Shop. Electroni] but found [Demo Web Shop. Electronics]">
      <![CDATA[java.lang.AssertionError: computer is not displayed expected [Demo Web Shop. Electroni] but found [Demo Web Shop. Electronics]
at electronic.TC_DTS_003_Test.clickElectronic(TC_DTS_003_Test.java:19)
at java.base/java.util.ArrayList.forEach(ArrayList.java:1511)
... Removed 32 stack frames]]>
    </failure>
  </testcase> <!-- clickElectronic -->
  <testcase classname="books.TC_DTS_001_Test" name="clickBooks" time="1.298"/>
  <testcase classname="computers.TC_DTS_002_Test" name="clickComputer" time="0.971"/>
</testsuite> <!-- Test -->
